<?xml version="1.0" encoding="UTF-8"?>
<!-- Generated by org.testng.reporters.JUnitXMLReporter -->
<testsuite ignored="0" hostname="LAPTOP-NCMTQCEJ" failures="0" tests="6" name="ParallelTest" time="7.929" errors="0" timestamp="2022-05-06T06:46:00 IST">
  <testcase classname="TestNGAssignments.AssignmentTestNG" name="@AfterMethod afteMethod" time="0.282">
    <failure type="org.openqa.selenium.NoSuchSessionException" message="invalid session id
Build info: version: &amp;apos;4.1.2&amp;apos;, revision: &amp;apos;9a5a329c5a&amp;apos;
System info: host: &amp;apos;LAPTOP-NCMTQCEJ&amp;apos;, ip: &amp;apos;192.168.2.17&amp;apos;, os.name: &amp;apos;Windows 10&amp;apos;, os.arch: &amp;apos;amd64&amp;apos;, os.version: &amp;apos;10.0&amp;apos;, java.version: &amp;apos;17.0.1&amp;apos;
Driver info: org.openqa.selenium.chrome.ChromeDriver
Command: [c2e6ff1ab21f69fe2b559ba9a9259159, close {}]
Capabilities {acceptInsecureCerts: false, browserName: chrome, browserVersion: 100.0.4896.127, chrome: {chromedriverVersion: 99.0.4844.51 (d537ec02474b5..., userDataDir: C:\Users\shiji\AppData\Loca...}, goog:chromeOptions: {debuggerAddress: localhost:49357}, javascriptEnabled: true, networkConnectionEnabled: false, pageLoadStrategy: normal, platform: WINDOWS, platformName: WINDOWS, proxy: Proxy(), se:cdp: ws://localhost:49357/devtoo..., se:cdpVersion: 100.0.4896.127, setWindowRect: true, strictFileInteractability: false, timeouts: {implicit: 0, pageLoad: 300000, script: 30000}, unhandledPromptBehavior: dismiss and notify, webauthn:extension:credBlob: true, webauthn:extension:largeBlob: true, webauthn:virtualAuthenticators: true}
Session ID: c2e6ff1ab21f69fe2b559ba9a9259159">
      <![CDATA[org.openqa.selenium.NoSuchSessionException: invalid session id
Build info: version: '4.1.2', revision: '9a5a329c5a'
System info: host: 'LAPTOP-NCMTQCEJ', ip: '192.168.2.17', os.name: 'Windows 10', os.arch: 'amd64', os.version: '10.0', java.version: '17.0.1'
Driver info: org.openqa.selenium.chrome.ChromeDriver
Command: [c2e6ff1ab21f69fe2b559ba9a9259159, close {}]
Capabilities {acceptInsecureCerts: false, browserName: chrome, browserVersion: 100.0.4896.127, chrome: {chromedriverVersion: 99.0.4844.51 (d537ec02474b5..., userDataDir: C:\Users\shiji\AppData\Loca...}, goog:chromeOptions: {debuggerAddress: localhost:49357}, javascriptEnabled: true, networkConnectionEnabled: false, pageLoadStrategy: normal, platform: WINDOWS, platformName: WINDOWS, proxy: Proxy(), se:cdp: ws://localhost:49357/devtoo..., se:cdpVersion: 100.0.4896.127, setWindowRect: true, strictFileInteractability: false, timeouts: {implicit: 0, pageLoad: 300000, script: 30000}, unhandledPromptBehavior: dismiss and notify, webauthn:extension:credBlob: true, webauthn:extension:largeBlob: true, webauthn:virtualAuthenticators: true}
Session ID: c2e6ff1ab21f69fe2b559ba9a9259159
at org.openqa.selenium.remote.codec.w3c.W3CHttpResponseCodec.createException(W3CHttpResponseCodec.java:200)
at org.openqa.selenium.remote.codec.w3c.W3CHttpResponseCodec.decode(W3CHttpResponseCodec.java:133)
at org.openqa.selenium.remote.codec.w3c.W3CHttpResponseCodec.decode(W3CHttpResponseCodec.java:53)
at org.openqa.selenium.remote.HttpCommandExecutor.execute(HttpCommandExecutor.java:184)
at org.openqa.selenium.remote.service.DriverCommandExecutor.invokeExecute(DriverCommandExecutor.java:167)
at org.openqa.selenium.remote.service.DriverCommandExecutor.execute(DriverCommandExecutor.java:142)
at org.openqa.selenium.remote.RemoteWebDriver.execute(RemoteWebDriver.java:558)
at org.openqa.selenium.remote.RemoteWebDriver.execute(RemoteWebDriver.java:613)
at org.openqa.selenium.remote.RemoteWebDriver.execute(RemoteWebDriver.java:617)
at org.openqa.selenium.remote.RemoteWebDriver.close(RemoteWebDriver.java:443)
at TestNGAssignments.AssignmentTestNG.afteMethod(AssignmentTestNG.java:123)
at java.base/java.util.concurrent.ThreadPoolExecutor.runWorker(ThreadPoolExecutor.java:1136)
at java.base/java.util.concurrent.ThreadPoolExecutor$Worker.run(ThreadPoolExecutor.java:635)
at java.base/java.lang.Thread.run(Thread.java:833)
... Removed 22 stack frames]]>
    </failure>
  </testcase> <!-- @AfterMethod afteMethod -->
  <testcase classname="TestNGAssignments.AssignmentTestNG" name="@BeforeMethod beforeMethod" time="-1.651799758489E9">
    <skipped/>
  </testcase> <!-- @BeforeMethod beforeMethod -->
  <testcase classname="TestNGAssignments.AssignmentTestNG" name="@AfterMethod afteMethod" time="-1.651799758496E9">
    <skipped/>
  </testcase> <!-- @AfterMethod afteMethod -->
  <testcase classname="TestNGAssignments.AssignmentTestNG" name="@BeforeMethod beforeMethod" time="-1.651799758498E9">
    <skipped/>
  </testcase> <!-- @BeforeMethod beforeMethod -->
  <testcase classname="TestNGAssignments.AssignmentTestNG" name="@AfterMethod afteMethod" time="-1.651799758504E9">
    <skipped/>
  </testcase> <!-- @AfterMethod afteMethod -->
  <testcase classname="TestNGAssignments.AssignmentTestNG" name="@BeforeMethod beforeMethod" time="-1.651799758506E9">
    <skipped/>
  </testcase> <!-- @BeforeMethod beforeMethod -->
  <testcase classname="TestNGAssignments.AssignmentTestNG" name="@AfterMethod afteMethod" time="-1.651799758513E9">
    <skipped/>
  </testcase> <!-- @AfterMethod afteMethod -->
  <testcase classname="TestNGAssignments.AssignmentTestNG" name="@AfterMethod afteMethod" time="-1.651799760475E9">
    <skipped/>
  </testcase> <!-- @AfterMethod afteMethod -->
  <testcase classname="TestNGAssignments.AssignmentTestNG" name="verifyLoginIconDisplayed" time="0.118"/>
  <testcase classname="TestNGAssignments.AssignmentTestNG" name="verifyRemMeUnchecked" time="0.429"/>
  <testcase classname="TestNGAssignments.AssignmentTestNG" name="verifyWelcomePageTitle" time="0.0">
    <skipped/>
  </testcase> <!-- verifyWelcomePageTitle -->
  <testcase classname="TestNGAssignments.AssignmentTestNG" name="verifyLoggedUserName" time="0.0">
    <skipped/>
  </testcase> <!-- verifyLoggedUserName -->
  <testcase classname="TestNGAssignments.AssignmentTestNG" name="verifyWorkerTabStatus" time="0.0">
    <skipped/>
  </testcase> <!-- verifyWorkerTabStatus -->
  <testcase classname="TestNGAssignments.AssignmentTestNG" name="verifyLoginButtonColorNFont" time="0.0">
    <skipped/>
  </testcase> <!-- verifyLoginButtonColorNFont -->
</testsuite> <!-- ParallelTest -->
